<?xml version="1.0" encoding="UTF-8"?>
<!-- Generated by org.testng.reporters.JUnitReportReporter -->
<testsuite hostname="DESKTOP-FVNSSMO" failures="0" tests="1" name="QAlegendTestCases.TestCases" time="97.913" errors="0" timestamp="2024-10-07T20:31:04 IST" skipped="0">
  <testcase classname="QAlegendTestCases.TestCases" name="verifyAddUser" time="97.913"/>
</testsuite> <!-- QAlegendTestCases.TestCases -->
